<?xml version="1.0" encoding="UTF-8"?>
<coverage generated="1662220811490" clover="3.2.0">
  <project timestamp="1662220811490" name="All files">
    <metrics statements="16" coveredstatements="16" conditionals="8" coveredconditionals="7" methods="2" coveredmethods="2" elements="26" coveredelements="25" complexity="0" loc="16" ncloc="16" packages="1" files="1" classes="1"/>
    <file name="prime_number_generator.js" path="/mnt/4A7C8D327C8D19B9/Documents/Projects/js_projects/midass task/prime_number_generator.js">
      <metrics statements="16" coveredstatements="16" conditionals="8" coveredconditionals="7" methods="2" coveredmethods="2"/>
      <line num="3" count="1" type="stmt"/>
      <line num="13" count="6" type="stmt"/>
      <line num="14" count="3" type="cond" truecount="4" falsecount="0"/>
      <line num="15" count="3" type="stmt"/>
      <line num="16" count="3" type="stmt"/>
      <line num="17" count="3" type="stmt"/>
      <line num="18" count="3" type="stmt"/>
      <line num="19" count="3" type="stmt"/>
      <line num="20" count="58" type="cond" truecount="1" falsecount="1"/>
      <line num="21" count="58" type="stmt"/>
      <line num="22" count="9295" type="stmt"/>
      <line num="26" count="3" type="stmt"/>
      <line num="27" count="666" type="cond" truecount="2" falsecount="0"/>
      <line num="28" count="89" type="stmt"/>
      <line num="31" count="3" type="stmt"/>
      <line num="48" count="1" type="stmt"/>
    </file>
  </project>
</coverage>
