{"/mnt/4A7C8D327C8D19B9/Documents/Projects/js_projects/midass task/prime_number_generator.js": {"path":"/mnt/4A7C8D327C8D19B9/Documents/Projects/js_projects/midass task/prime_number_generator.js","statementMap":{"0":{"start":{"line":3,"column":17},"end":{"line":3,"column":36}},"1":{"start":{"line":13,"column":4},"end":{"line":13,"column":43}},"2":{"start":{"line":13,"column":28},"end":{"line":13,"column":41}},"3":{"start":{"line":14,"column":4},"end":{"line":14,"column":57}},"4":{"start":{"line":15,"column":18},"end":{"line":15,"column":43}},"5":{"start":{"line":16,"column":23},"end":{"line":16,"column":25}},"6":{"start":{"line":17,"column":16},"end":{"line":17,"column":23}},"7":{"start":{"line":18,"column":14},"end":{"line":18,"column":21}},"8":{"start":{"line":19,"column":4},"end":{"line":25,"column":5}},"9":{"start":{"line":19,"column":16},"end":{"line":19,"column":17}},"10":{"start":{"line":20,"column":8},"end":{"line":24,"column":9}},"11":{"start":{"line":21,"column":12},"end":{"line":23,"column":13}},"12":{"start":{"line":21,"column":24},"end":{"line":21,"column":27}},"13":{"start":{"line":22,"column":16},"end":{"line":22,"column":35}},"14":{"start":{"line":26,"column":4},"end":{"line":30,"column":5}},"15":{"start":{"line":26,"column":16},"end":{"line":26,"column":21}},"16":{"start":{"line":27,"column":8},"end":{"line":29,"column":9}},"17":{"start":{"line":28,"column":12},"end":{"line":28,"column":33}},"18":{"start":{"line":31,"column":8},"end":{"line":31,"column":28}},"19":{"start":{"line":48,"column":0},"end":{"line":48,"column":38}}},"fnMap":{"0":{"name":"primeNumberGenerator","decl":{"start":{"line":12,"column":9},"end":{"line":12,"column":29}},"loc":{"start":{"line":12,"column":35},"end":{"line":32,"column":1}},"line":12},"1":{"name":"(anonymous_1)","decl":{"start":{"line":13,"column":20},"end":{"line":13,"column":21}},"loc":{"start":{"line":13,"column":28},"end":{"line":13,"column":41}},"line":13}},"branchMap":{"0":{"loc":{"start":{"line":14,"column":14},"end":{"line":14,"column":56}},"type":"cond-expr","locations":[{"start":{"line":14,"column":45},"end":{"line":14,"column":46}},{"start":{"line":14,"column":49},"end":{"line":14,"column":56}}],"line":14},"1":{"loc":{"start":{"line":14,"column":14},"end":{"line":14,"column":42}},"type":"binary-expr","locations":[{"start":{"line":14,"column":14},"end":{"line":14,"column":26}},{"start":{"line":14,"column":30},"end":{"line":14,"column":42}}],"line":14},"2":{"loc":{"start":{"line":20,"column":8},"end":{"line":24,"column":9}},"type":"if","locations":[{"start":{"line":20,"column":8},"end":{"line":24,"column":9}},{"start":{},"end":{}}],"line":20},"3":{"loc":{"start":{"line":27,"column":8},"end":{"line":29,"column":9}},"type":"if","locations":[{"start":{"line":27,"column":8},"end":{"line":29,"column":9}},{"start":{},"end":{}}],"line":27}},"s":{"0":1,"1":3,"2":6,"3":3,"4":3,"5":3,"6":3,"7":3,"8":3,"9":3,"10":58,"11":58,"12":58,"13":9295,"14":3,"15":3,"16":666,"17":89,"18":3,"19":1},"f":{"0":3,"1":6},"b":{"0":[1,2],"1":[3,2],"2":[58,0],"3":[89,577]},"_coverageSchema":"1a1c01bbd47fc00a2c39e90264f33305004495a9","hash":"22630172d8f5271c2396180cabffb9bc29d294dc"}
}
